<?xml version="1.0" encoding="UTF-8"?>
<!-- Generated by org.testng.reporters.JUnitReportReporter -->
<testsuite hostname="LPU0105" failures="0" tests="1" name="testCases.TC002_verifyNumberOfCenters" time="12.356" errors="0" timestamp="2024-12-03T22:56:41 IST" skipped="0">
  <testcase classname="testCases.TC002_verifyNumberOfCenters" name="verify_center" time="12.356"/>
</testsuite> <!-- testCases.TC002_verifyNumberOfCenters -->
