<?xml version="1.0" encoding="UTF-8"?>
<!-- Generated by org.testng.reporters.JUnitReportReporter -->
<testsuite hostname="LPU0105" failures="0" tests="1" name="testCases.TC001_searchText" time="7.985" errors="0" timestamp="2024-12-02T13:51:31 IST" skipped="0">
  <testcase classname="testCases.TC001_searchText" name="verify_search_result" time="7.985"/>
</testsuite> <!-- testCases.TC001_searchText -->
